<?xml version="1.0" encoding="UTF-8"?>
<!-- Generated by org.testng.reporters.JUnitReportReporter -->
<testsuite hostname="DESKTOP-9H74IGJ" failures="0" tests="1" name="vTiger.Organizations.TestScripts.CreateOrganizationWithChemical" time="25.429" errors="0" timestamp="2023-01-16T13:24:46 PST" skipped="0">
  <testcase classname="vTiger.Organizations.TestScripts.CreateOrganizationWithChemical" name="createOrganizationwithChemicalTest" time="25.429"/>
  <system-out/>
</testsuite> <!-- vTiger.Organizations.TestScripts.CreateOrganizationWithChemical -->
