<?xml version="1.0" encoding="UTF-8"?>
<!-- Generated by org.testng.reporters.JUnitReportReporter -->
<testsuite hostname="DESKTOP-9H74IGJ" failures="0" tests="1" name="vTiger.Organizations.TestScripts.CreateOrganizationWithChemical" time="18.477" errors="0" timestamp="2023-01-24T16:35:15 PST" skipped="0">
  <testcase classname="vTiger.Organizations.TestScripts.CreateOrganizationWithChemical" name="createOrganizationwithChemicalTest" time="18.477"/>
  <system-out/>
</testsuite> <!-- vTiger.Organizations.TestScripts.CreateOrganizationWithChemical -->
