<?xml version="1.0" encoding="UTF-8"?>
<!-- Generated by org.testng.reporters.JUnitReportReporter -->
<testsuite hostname="DESKTOP-9H74IGJ" failures="0" tests="4" name="vTiger.practice.TestngTest02" time="0.003" errors="0" timestamp="2023-01-04T10:17:18 PST" skipped="1">
  <testcase classname="vTiger.practice.TestngTest02" name="chatTest" time="0.001"/>
  <system-out>
    <![CDATA[chats]]>
  </system-out>
  <testcase classname="vTiger.practice.TestngTest02" name="chatTest" time="0.002"/>
  <system-out>
    <![CDATA[chats]]>
  </system-out>
  <testcase classname="vTiger.practice.TestngTest02" name="chatTest" time="0.000"/>
  <system-out>
    <![CDATA[chats]]>
  </system-out>
  <testcase classname="vTiger.practice.TestngTest02" name="SettingTest">
    <skipped/>
  </testcase> <!-- SettingTest -->
  <system-out/>
</testsuite> <!-- vTiger.practice.TestngTest02 -->
