<?xml version="1.0" encoding="UTF-8"?>
<!-- Generated by org.testng.reporters.JUnitReportReporter -->
<testsuite hostname="DESKTOP-9H74IGJ" failures="0" tests="1" name="vTiger.Organizations.TestScripts.CreateNewOrganizationWithIndustryusingPom" time="20.788" errors="0" timestamp="2022-12-29T23:52:40 PST" skipped="0">
  <testcase classname="vTiger.Organizations.TestScripts.CreateNewOrganizationWithIndustryusingPom" name="CreateNewOrgwithIndustryTest" time="20.788"/>
  <system-out/>
</testsuite> <!-- vTiger.Organizations.TestScripts.CreateNewOrganizationWithIndustryusingPom -->
