<?xml version="1.0" encoding="UTF-8"?>
<!-- Generated by org.testng.reporters.JUnitReportReporter -->
<testsuite hostname="DESKTOP-9H74IGJ" failures="0" tests="1" name="vTiger.practice.TestngTest0" time="0.002" errors="0" timestamp="2022-12-31T10:18:59 PST" skipped="0">
  <testcase classname="vTiger.practice.TestngTest0" name="demoTest0" time="0.002"/>
  <system-out>
    <![CDATA[hello java
hello selenium]]>
  </system-out>
</testsuite> <!-- vTiger.practice.TestngTest0 -->
