<?xml version="1.0" encoding="UTF-8"?>
<!-- Generated by org.testng.reporters.JUnitReportReporter -->
<testsuite hostname="DESKTOP-9H74IGJ" failures="0" tests="1" name="vTiger.practice.PropertyFileScriptTest" time="7.968" errors="0" timestamp="2022-12-26T08:45:27 PST" skipped="0">
  <testcase classname="vTiger.practice.PropertyFileScriptTest" name="filescriPT" time="7.968"/>
  <system-out/>
</testsuite> <!-- vTiger.practice.PropertyFileScriptTest -->
