<?xml version="1.0" encoding="UTF-8"?>
<!-- Generated by org.testng.reporters.JUnitReportReporter -->
<testsuite hostname="DESKTOP-9H74IGJ" failures="0" tests="1" name="vTiger.Organizations.TestScripts.CreateOrganizationWithIndustryAndType" time="16.449" errors="0" timestamp="2023-01-11T22:31:26 PST" skipped="0">
  <testcase classname="vTiger.Organizations.TestScripts.CreateOrganizationWithIndustryAndType" name="createOrganizationwithIndustryTypeTest" time="16.449"/>
  <system-out/>
</testsuite> <!-- vTiger.Organizations.TestScripts.CreateOrganizationWithIndustryAndType -->
