<?xml version="1.0" encoding="UTF-8"?>
<!-- Generated by org.testng.reporters.JUnitReportReporter -->
<testsuite hostname="DESKTOP-9H74IGJ" failures="0" tests="1" name="vTiger.Contacts.TestScripts.CreateContactswithPomPages" time="23.971" errors="0" timestamp="2022-12-26T16:40:07 PST" skipped="0">
  <testcase classname="vTiger.Contacts.TestScripts.CreateContactswithPomPages" name="createContactswidOrganization" time="23.971"/>
  <system-out/>
</testsuite> <!-- vTiger.Contacts.TestScripts.CreateContactswithPomPages -->
