<?xml version="1.0" encoding="UTF-8"?>
<!-- Generated by org.testng.reporters.JUnitReportReporter -->
<testsuite hostname="DESKTOP-9H74IGJ" failures="0" tests="1" name="vTiger.Contacts.TestScripts.CreateContactswithPomPagesTest" time="41.739" errors="0" timestamp="2023-01-11T22:08:42 PST" skipped="0">
  <testcase classname="vTiger.Contacts.TestScripts.CreateContactswithPomPagesTest" name="createContactswidOrganizationTest" time="41.739"/>
  <system-out>
    <![CDATA[organization clicked
click on org look up image
new organization page]]>
  </system-out>
</testsuite> <!-- vTiger.Contacts.TestScripts.CreateContactswithPomPagesTest -->
