<?xml version="1.0" encoding="UTF-8"?>
<!-- Generated by org.testng.reporters.JUnitReportReporter -->
<testsuite hostname="DESKTOP-9H74IGJ" failures="0" tests="1" name="vTiger.Contacts.TestScripts.CreateContactsWithOrganizationsTest" time="25.244" errors="0" timestamp="2023-01-24T15:04:01 PST" skipped="0">
  <testcase classname="vTiger.Contacts.TestScripts.CreateContactsWithOrganizationsTest" name="createContactwithorg" time="25.244"/>
  <system-out/>
</testsuite> <!-- vTiger.Contacts.TestScripts.CreateContactsWithOrganizationsTest -->
