<?xml version="1.0" encoding="UTF-8"?>
<!-- Generated by org.testng.reporters.JUnitReportReporter -->
<testsuite hostname="DESKTOP-9H74IGJ" failures="0" tests="1" name="vTiger.Organizations.TestScripts.CreateNewOrganizationWithIndustryusingPomTest" time="21.838" errors="0" timestamp="2023-01-24T13:00:14 PST" skipped="0">
  <testcase classname="vTiger.Organizations.TestScripts.CreateNewOrganizationWithIndustryusingPomTest" name="CreateNewOrgwithIndustryTest" time="21.838"/>
  <system-out/>
</testsuite> <!-- vTiger.Organizations.TestScripts.CreateNewOrganizationWithIndustryusingPomTest -->
