<?xml version="1.0" encoding="UTF-8"?>
<!-- Generated by org.testng.reporters.JUnitReportReporter -->
<testsuite hostname="DESKTOP-9H74IGJ" failures="0" tests="1" name="Demojava" time="20.101" errors="0" timestamp="2023-01-24T13:27:07 PST" skipped="0">
  <testcase classname="Demojava" name="CreateNewOrgwithIndustryTest" time="20.101"/>
  <system-out/>
</testsuite> <!-- Demojava -->
