<?xml version="1.0" encoding="UTF-8"?>
<!-- Generated by org.testng.reporters.JUnitReportReporter -->
<testsuite hostname="DESKTOP-9H74IGJ" failures="0" tests="1" name="vTiger.Contacts.TestScripts.CreateContactsWithOrganizations" time="39.039" errors="0" timestamp="2022-12-31T10:18:59 PST" skipped="0">
  <testcase classname="vTiger.Contacts.TestScripts.CreateContactsWithOrganizations" name="createContactwithorg" time="39.039"/>
  <system-out/>
</testsuite> <!-- vTiger.Contacts.TestScripts.CreateContactsWithOrganizations -->
