<?xml version="1.0" encoding="UTF-8"?>
<!-- Generated by org.testng.reporters.JUnitReportReporter -->
<testsuite hostname="DESKTOP-9H74IGJ" failures="0" tests="2" name="vTiger.practice.DataProvider" time="0.011" errors="0" timestamp="2023-01-11T22:30:26 PST" skipped="0">
  <testcase classname="vTiger.practice.DataProvider" name="addToCart" time="0.001"/>
  <system-out/>
  <testcase classname="vTiger.practice.DataProvider" name="addToCart" time="0.010"/>
  <system-out/>
</testsuite> <!-- vTiger.practice.DataProvider -->
